mode: set
ironclaw/internal/agent/bootstrap.go:15.66,18.16 3 1
ironclaw/internal/agent/bootstrap.go:18.16,20.3 1 1
ironclaw/internal/agent/bootstrap.go:21.2,21.17 1 1
ironclaw/internal/agent/bootstrap.go:21.17,23.3 1 1
ironclaw/internal/agent/bootstrap.go:25.2,27.71 2 1
ironclaw/internal/agent/bootstrap.go:27.71,29.3 1 1
ironclaw/internal/agent/bootstrap.go:30.2,30.75 1 1
ironclaw/internal/agent/bootstrap.go:30.75,32.3 1 1
ironclaw/internal/agent/bootstrap.go:33.2,33.73 1 1
ironclaw/internal/agent/bootstrap.go:33.73,36.3 1 1
ironclaw/internal/agent/bootstrap.go:37.2,37.72 1 1
ironclaw/internal/agent/bootstrap.go:37.72,39.3 1 1
ironclaw/internal/agent/bootstrap.go:41.2,41.17 1 1
ironclaw/internal/agent/bootstrap.go:45.46,48.16 3 1
ironclaw/internal/agent/bootstrap.go:48.16,50.17 2 1
ironclaw/internal/agent/bootstrap.go:50.17,51.12 1 1
ironclaw/internal/agent/bootstrap.go:53.3,53.36 1 1
ironclaw/internal/agent/bootstrap.go:53.36,55.4 1 1
ironclaw/internal/agent/bootstrap.go:56.3,56.17 1 1
ironclaw/internal/agent/bootstrap.go:56.17,58.4 1 1
ironclaw/internal/agent/bootstrap.go:60.2,60.14 1 1
ironclaw/internal/auth/context.go:17.63,19.2 1 1
ironclaw/internal/auth/context.go:22.44,26.2 3 1
ironclaw/internal/auth/context.go:29.46,33.2 3 1
ironclaw/internal/auth/context.go:36.37,41.2 4 1
ironclaw/internal/auth/context.go:44.37,48.2 3 1
ironclaw/internal/auth/context.go:51.56,59.2 3 1
ironclaw/internal/auth/context.go:63.71,64.32 1 1
ironclaw/internal/auth/context.go:64.32,66.3 1 1
ironclaw/internal/auth/context.go:67.2,67.41 1 1
ironclaw/internal/auth/context.go:67.41,68.19 1 1
ironclaw/internal/auth/context.go:68.19,70.4 1 1
ironclaw/internal/auth/context.go:72.2,72.14 1 1
ironclaw/internal/banner/banner.go:34.49,38.17 4 1
ironclaw/internal/banner/banner.go:38.17,39.25 1 1
ironclaw/internal/banner/banner.go:39.25,41.4 1 1
ironclaw/internal/banner/banner.go:42.3,42.19 1 1
ironclaw/internal/banner/banner.go:42.19,45.4 2 1
ironclaw/internal/banner/banner.go:47.2,47.20 1 1
ironclaw/internal/banner/banner.go:47.20,50.3 2 1
ironclaw/internal/banner/banner.go:53.2,54.29 2 1
ironclaw/internal/banner/banner.go:54.29,56.20 2 1
ironclaw/internal/banner/banner.go:56.20,58.4 1 1
ironclaw/internal/banner/banner.go:60.2,61.18 2 1
ironclaw/internal/banner/banner.go:61.18,63.3 1 1
ironclaw/internal/banner/banner.go:64.2,64.17 1 1
ironclaw/internal/banner/banner.go:67.36,70.22 3 1
ironclaw/internal/banner/banner.go:70.22,71.16 1 1
ironclaw/internal/banner/banner.go:71.16,72.35 1 1
ironclaw/internal/banner/banner.go:72.35,74.5 1 1
ironclaw/internal/banner/banner.go:75.4,76.12 2 1
ironclaw/internal/banner/banner.go:78.3,78.25 1 1
ironclaw/internal/banner/banner.go:80.2,80.19 1 1
ironclaw/internal/banner/banner.go:80.19,82.3 1 1
ironclaw/internal/banner/banner.go:83.2,83.12 1 1
ironclaw/internal/domain/models.go:156.52,163.49 4 1
ironclaw/internal/domain/models.go:163.49,165.3 1 1
ironclaw/internal/domain/models.go:166.2,172.25 6 1
ironclaw/internal/domain/models.go:172.25,174.3 1 1
ironclaw/internal/domain/models.go:175.2,176.16 2 1
ironclaw/internal/domain/models.go:176.16,178.3 1 1
ironclaw/internal/domain/models.go:179.2,180.12 2 1
ironclaw/internal/domain/models.go:185.75,187.52 2 1
ironclaw/internal/domain/models.go:187.52,189.3 1 1
ironclaw/internal/domain/models.go:190.2,191.54 2 1
ironclaw/internal/domain/models.go:191.54,193.3 1 1
ironclaw/internal/domain/models.go:194.2,195.24 2 1
ironclaw/internal/domain/models.go:195.24,199.54 2 1
ironclaw/internal/domain/models.go:199.54,200.12 1 1
ironclaw/internal/domain/models.go:202.3,202.24 1 1
ironclaw/internal/domain/models.go:203.18,205.48 2 1
ironclaw/internal/domain/models.go:205.48,207.5 1 1
ironclaw/internal/domain/models.go:208.19,210.48 2 1
ironclaw/internal/domain/models.go:210.48,212.5 1 1
ironclaw/internal/domain/models.go:213.21,215.48 2 1
ironclaw/internal/domain/models.go:215.48,217.5 1 1
ironclaw/internal/domain/models.go:218.24,220.48 2 1
ironclaw/internal/domain/models.go:220.48,222.5 1 1
ironclaw/internal/domain/models.go:225.2,225.20 1 1
ironclaw/internal/domain/models.go:245.35,245.55 1 1
ironclaw/internal/domain/models.go:257.36,257.57 1 1
ironclaw/internal/domain/models.go:265.38,265.61 1 1
ironclaw/internal/domain/models.go:273.41,273.67 1 1
ironclaw/internal/context/helpers.go:12.45,13.32 1 1
ironclaw/internal/context/helpers.go:13.32,15.3 1 1
ironclaw/internal/context/helpers.go:16.2,16.41 1 1
ironclaw/internal/context/helpers.go:20.56,22.31 2 1
ironclaw/internal/context/helpers.go:22.31,23.28 1 1
ironclaw/internal/context/helpers.go:24.25,25.33 1 1
ironclaw/internal/context/helpers.go:26.28,27.53 1 1
ironclaw/internal/context/helpers.go:28.31,29.36 1 1
ironclaw/internal/context/helpers.go:30.26,31.36 1 1
ironclaw/internal/context/helpers.go:34.2,34.34 1 1
ironclaw/internal/context/helpers.go:38.51,39.19 1 1
ironclaw/internal/context/helpers.go:39.19,41.3 1 1
ironclaw/internal/context/helpers.go:43.2,44.48 2 1
ironclaw/internal/context/helpers.go:44.48,46.3 1 1
ironclaw/internal/context/helpers.go:48.2,48.20 1 1
ironclaw/internal/context/manager.go:19.69,20.22 1 1
ironclaw/internal/context/manager.go:20.22,21.46 1 1
ironclaw/internal/context/manager.go:23.2,23.20 1 1
ironclaw/internal/context/manager.go:23.20,24.42 1 1
ironclaw/internal/context/manager.go:26.2,29.3 1 1
ironclaw/internal/context/manager.go:38.105,39.24 1 1
ironclaw/internal/context/manager.go:39.24,41.3 1 1
ironclaw/internal/context/manager.go:44.2,45.16 2 1
ironclaw/internal/context/manager.go:45.16,47.3 1 1
ironclaw/internal/context/manager.go:48.2,48.29 1 1
ironclaw/internal/context/manager.go:48.29,50.3 1 1
ironclaw/internal/context/manager.go:52.2,56.31 3 1
ironclaw/internal/context/manager.go:56.31,59.17 3 1
ironclaw/internal/context/manager.go:59.17,61.4 1 1
ironclaw/internal/context/manager.go:62.3,62.25 1 1
ironclaw/internal/context/manager.go:66.2,68.42 3 1
ironclaw/internal/context/manager.go:68.42,69.36 1 1
ironclaw/internal/context/manager.go:69.36,70.9 1 1
ironclaw/internal/context/manager.go:72.3,73.15 2 1
ironclaw/internal/context/manager.go:77.2,77.33 1 1
ironclaw/internal/context/manager.go:81.65,82.18 1 1
ironclaw/internal/context/manager.go:82.18,84.3 1 1
ironclaw/internal/context/manager.go:85.2,85.40 1 1
ironclaw/internal/config/allowlist.go:12.56,13.16 1 1
ironclaw/internal/config/allowlist.go:13.16,15.3 1 1
ironclaw/internal/config/allowlist.go:16.2,17.15 2 1
ironclaw/internal/config/allowlist.go:17.15,19.3 1 1
ironclaw/internal/config/allowlist.go:20.2,21.47 2 1
ironclaw/internal/config/allowlist.go:21.47,23.3 1 1
ironclaw/internal/config/allowlist.go:24.2,25.32 2 1
ironclaw/internal/config/allowlist.go:25.32,27.3 1 1
ironclaw/internal/config/allowlist.go:28.2,28.40 1 1
ironclaw/internal/config/allowlist.go:28.40,29.30 1 1
ironclaw/internal/config/allowlist.go:29.30,31.4 1 1
ironclaw/internal/config/allowlist.go:33.2,33.56 1 1
ironclaw/internal/config/allowlist.go:37.59,38.49 1 1
ironclaw/internal/config/allowlist.go:38.49,40.3 1 1
ironclaw/internal/config/allowlist.go:41.2,43.47 3 1
ironclaw/internal/config/allowlist.go:43.47,45.3 1 1
ironclaw/internal/config/allowlist.go:46.2,48.40 3 1
ironclaw/internal/config/allowlist.go:48.40,49.30 1 1
ironclaw/internal/config/allowlist.go:49.30,51.4 1 1
ironclaw/internal/config/allowlist.go:53.2,53.27 1 1
ironclaw/internal/config/allowlist.go:61.60,62.49 1 1
ironclaw/internal/config/allowlist.go:62.49,64.3 1 1
ironclaw/internal/config/allowlist.go:65.2,66.15 2 1
ironclaw/internal/config/allowlist.go:66.15,68.3 1 1
ironclaw/internal/config/allowlist.go:69.2,70.47 2 1
ironclaw/internal/config/allowlist.go:70.47,72.3 1 1
ironclaw/internal/config/allowlist.go:73.2,74.46 2 1
ironclaw/internal/config/allowlist.go:74.46,75.36 1 1
ironclaw/internal/config/allowlist.go:75.36,77.4 1 1
ironclaw/internal/config/allowlist.go:79.2,79.29 1 1
ironclaw/internal/config/loader.go:19.38,47.16 3 1
ironclaw/internal/config/loader.go:47.16,49.3 1 1
ironclaw/internal/config/loader.go:50.2,50.36 1 1
ironclaw/internal/config/loader.go:55.48,57.16 2 1
ironclaw/internal/config/loader.go:57.16,59.3 1 1
ironclaw/internal/config/loader.go:60.2,61.49 2 1
ironclaw/internal/config/loader.go:61.49,63.3 1 1
ironclaw/internal/config/loader.go:64.2,65.16 2 1
ironclaw/internal/config/loader.go:69.37,70.16 1 1
ironclaw/internal/config/loader.go:70.16,72.3 1 1
ironclaw/internal/config/loader.go:73.2,74.67 2 1
ironclaw/internal/config/loader.go:78.50,79.16 1 1
ironclaw/internal/config/loader.go:79.16,81.3 1 1
ironclaw/internal/config/loader.go:82.2,83.47 2 1
ironclaw/internal/config/loader.go:83.47,85.3 1 1
ironclaw/internal/config/loader.go:86.2,87.16 2 1
ironclaw/internal/config/loader.go:87.16,89.3 1 1
ironclaw/internal/config/loader.go:90.2,90.51 1 1
ironclaw/internal/config/loader.go:90.51,92.3 1 1
ironclaw/internal/config/loader.go:93.2,93.16 1 1
ironclaw/internal/config/loader.go:93.16,95.3 1 1
ironclaw/internal/config/loader.go:96.2,96.12 1 1
ironclaw/internal/cli/check.go:21.60,24.48 3 1
ironclaw/internal/cli/check.go:24.48,26.3 1 1
ironclaw/internal/cli/check.go:28.2,28.40 1 1
ironclaw/internal/cli/check.go:28.40,30.3 1 1
ironclaw/internal/cli/check.go:33.2,34.16 2 1
ironclaw/internal/cli/check.go:34.16,35.37 1 1
ironclaw/internal/cli/check.go:35.37,37.16 2 1
ironclaw/internal/cli/check.go:37.16,38.65 1 1
ironclaw/internal/cli/check.go:38.65,41.6 2 1
ironclaw/internal/cli/check.go:42.5,42.72 1 1
ironclaw/internal/cli/check.go:43.10,45.5 1 1
ironclaw/internal/cli/check.go:46.9,49.4 2 1
ironclaw/internal/cli/check.go:50.8,55.38 3 1
ironclaw/internal/cli/check.go:55.38,57.4 1 1
ironclaw/internal/cli/check.go:60.3,62.17 3 1
ironclaw/internal/cli/check.go:62.17,63.57 1 1
ironclaw/internal/cli/check.go:63.57,65.5 1 1
ironclaw/internal/cli/check.go:65.10,67.5 1 1
ironclaw/internal/cli/check.go:69.3,69.16 1 1
ironclaw/internal/cli/check.go:69.16,70.58 1 1
ironclaw/internal/cli/check.go:70.58,72.5 1 1
ironclaw/internal/cli/check.go:72.10,74.5 1 1
ironclaw/internal/cli/check.go:78.2,79.10 2 1
ironclaw/internal/cli/check.go:82.52,84.25 2 1
ironclaw/internal/cli/check.go:84.25,85.34 1 1
ironclaw/internal/cli/check.go:85.34,87.9 2 1
ironclaw/internal/cli/check.go:90.2,90.13 1 1
ironclaw/internal/cli/check.go:93.41,95.16 2 1
ironclaw/internal/cli/check.go:95.16,97.3 1 1
ironclaw/internal/cli/check.go:98.2,99.16 2 1
ironclaw/internal/cli/check.go:99.16,100.25 1 1
ironclaw/internal/cli/check.go:100.25,101.53 1 1
ironclaw/internal/cli/check.go:101.53,103.5 1 1
ironclaw/internal/cli/check.go:104.4,104.14 1 1
ironclaw/internal/cli/check.go:106.3,106.50 1 1
ironclaw/internal/cli/check.go:108.2,109.19 2 1
ironclaw/internal/cli/check.go:109.19,111.3 1 1
ironclaw/internal/cli/check.go:112.2,112.22 1 1
ironclaw/internal/cli/check.go:112.22,114.3 1 1
ironclaw/internal/cli/check.go:115.2,115.12 1 1
ironclaw/internal/cli/check.go:118.44,120.2 1 1
ironclaw/internal/cli/cli.go:13.55,14.43 1 1
ironclaw/internal/cli/cli.go:14.43,16.3 1 1
ironclaw/internal/cli/cli.go:17.2,17.25 1 1
ironclaw/internal/cli/cli.go:17.25,18.22 1 1
ironclaw/internal/cli/cli.go:18.22,21.4 2 1
ironclaw/internal/cli/cli.go:23.2,23.10 1 1
ironclaw/internal/cli/config_cmd.go:23.66,25.26 1 1
ironclaw/internal/cli/config_cmd.go:25.26,27.17 2 1
ironclaw/internal/cli/config_cmd.go:27.17,30.4 2 1
ironclaw/internal/cli/config_cmd.go:31.3,31.55 1 1
ironclaw/internal/cli/config_cmd.go:34.2,37.55 2 1
ironclaw/internal/cli/config_cmd.go:37.55,41.3 3 1
ironclaw/internal/cli/config_cmd.go:44.2,45.16 2 1
ironclaw/internal/cli/config_cmd.go:45.16,48.3 2 1
ironclaw/internal/cli/config_cmd.go:50.2,51.51 2 1
ironclaw/internal/cli/config_cmd.go:51.51,54.3 2 1
ironclaw/internal/cli/config_cmd.go:56.2,56.21 1 1
ironclaw/internal/cli/config_cmd.go:57.13,58.54 1 1
ironclaw/internal/cli/config_cmd.go:59.13,60.79 1 1
ironclaw/internal/cli/config_cmd.go:61.15,62.69 1 1
ironclaw/internal/cli/config_cmd.go:63.10,65.11 2 1
ironclaw/internal/cli/config_cmd.go:70.90,74.18 3 1
ironclaw/internal/cli/config_cmd.go:74.18,77.3 2 1
ironclaw/internal/cli/config_cmd.go:80.2,80.27 1 1
ironclaw/internal/cli/config_cmd.go:81.14,82.26 1 1
ironclaw/internal/cli/config_cmd.go:83.15,85.29 1 1
ironclaw/internal/cli/config_cmd.go:85.29,87.4 1 1
ironclaw/internal/cli/config_cmd.go:87.9,89.4 1 1
ironclaw/internal/cli/config_cmd.go:90.12,91.33 1 1
ironclaw/internal/cli/config_cmd.go:92.10,95.42 2 1
ironclaw/internal/cli/config_cmd.go:98.2,98.10 1 1
ironclaw/internal/cli/config_cmd.go:102.110,107.64 3 1
ironclaw/internal/cli/config_cmd.go:107.64,109.3 1 1
ironclaw/internal/cli/config_cmd.go:109.8,109.71 1 1
ironclaw/internal/cli/config_cmd.go:109.71,111.3 1 1
ironclaw/internal/cli/config_cmd.go:111.8,111.65 1 1
ironclaw/internal/cli/config_cmd.go:111.65,113.3 1 1
ironclaw/internal/cli/config_cmd.go:115.2,115.67 1 1
ironclaw/internal/cli/config_cmd.go:115.67,118.3 2 1
ironclaw/internal/cli/config_cmd.go:121.2,121.53 1 1
ironclaw/internal/cli/config_cmd.go:121.53,124.3 2 1
ironclaw/internal/cli/config_cmd.go:126.2,127.10 2 1
ironclaw/internal/cli/config_cmd.go:131.105,134.54 2 1
ironclaw/internal/cli/config_cmd.go:134.54,137.3 2 1
ironclaw/internal/cli/config_cmd.go:140.2,140.53 1 1
ironclaw/internal/cli/config_cmd.go:140.53,143.3 2 1
ironclaw/internal/cli/config_cmd.go:145.2,146.10 2 1
ironclaw/internal/cli/config_cmd.go:150.77,151.20 1 1
ironclaw/internal/cli/config_cmd.go:151.20,153.3 1 1
ironclaw/internal/cli/config_cmd.go:155.2,156.13 2 1
ironclaw/internal/cli/config_cmd.go:156.13,158.3 1 1
ironclaw/internal/cli/config_cmd.go:160.2,160.20 1 1
ironclaw/internal/cli/config_cmd.go:160.20,162.3 1 1
ironclaw/internal/cli/config_cmd.go:165.2,166.9 2 1
ironclaw/internal/cli/config_cmd.go:166.9,168.3 1 1
ironclaw/internal/cli/config_cmd.go:170.2,170.42 1 1
ironclaw/internal/cli/config_cmd.go:174.90,175.20 1 1
ironclaw/internal/cli/config_cmd.go:175.20,177.3 1 1
ironclaw/internal/cli/config_cmd.go:179.2,179.20 1 1
ironclaw/internal/cli/config_cmd.go:179.20,182.3 2 1
ironclaw/internal/cli/config_cmd.go:185.2,186.13 2 1
ironclaw/internal/cli/config_cmd.go:186.13,190.3 2 1
ironclaw/internal/cli/config_cmd.go:192.2,193.9 2 1
ironclaw/internal/cli/config_cmd.go:193.9,197.3 2 1
ironclaw/internal/cli/config_cmd.go:199.2,199.49 1 1
ironclaw/internal/cli/config_cmd.go:203.73,204.20 1 1
ironclaw/internal/cli/config_cmd.go:204.20,206.3 1 1
ironclaw/internal/cli/config_cmd.go:208.2,208.20 1 1
ironclaw/internal/cli/config_cmd.go:208.20,211.3 2 1
ironclaw/internal/cli/config_cmd.go:214.2,215.13 2 1
ironclaw/internal/cli/config_cmd.go:215.13,217.3 1 1
ironclaw/internal/cli/config_cmd.go:219.2,220.9 2 1
ironclaw/internal/cli/config_cmd.go:220.9,222.3 1 1
ironclaw/internal/cli/config_cmd.go:224.2,224.44 1 1
ironclaw/internal/cli/config_cmd.go:228.64,230.16 2 1
ironclaw/internal/cli/config_cmd.go:230.16,232.3 1 1
ironclaw/internal/cli/config_cmd.go:233.2,233.39 1 1
ironclaw/internal/cli/configure.go:26.72,28.26 1 1
ironclaw/internal/cli/configure.go:28.26,30.17 2 1
ironclaw/internal/cli/configure.go:30.17,33.4 2 1
ironclaw/internal/cli/configure.go:34.3,34.55 1 1
ironclaw/internal/cli/configure.go:37.2,40.55 2 1
ironclaw/internal/cli/configure.go:40.55,44.3 3 1
ironclaw/internal/cli/configure.go:47.2,48.16 2 1
ironclaw/internal/cli/configure.go:48.16,51.3 2 1
ironclaw/internal/cli/configure.go:54.2,54.26 1 1
ironclaw/internal/cli/configure.go:54.26,57.3 2 1
ironclaw/internal/cli/configure.go:58.2,58.28 1 1
ironclaw/internal/cli/configure.go:58.28,61.3 2 1
ironclaw/internal/cli/configure.go:64.2,64.25 1 1
ironclaw/internal/cli/configure.go:64.25,67.3 2 1
ironclaw/internal/cli/configure.go:68.2,68.29 1 1
ironclaw/internal/cli/configure.go:68.29,71.3 2 1
ironclaw/internal/cli/configure.go:74.2,74.28 1 1
ironclaw/internal/cli/configure.go:74.28,77.3 2 1
ironclaw/internal/cli/configure.go:80.2,80.26 1 1
ironclaw/internal/cli/configure.go:80.26,82.54 2 1
ironclaw/internal/cli/configure.go:82.54,85.4 2 1
ironclaw/internal/cli/configure.go:86.3,86.67 1 1
ironclaw/internal/cli/configure.go:90.2,90.53 1 1
ironclaw/internal/cli/configure.go:90.53,93.3 2 1
ironclaw/internal/cli/configure.go:95.2,96.10 2 1
ironclaw/internal/cli/deps.go:17.67,17.100 1 1
ironclaw/internal/cli/doctor.go:30.66,32.26 1 1
ironclaw/internal/cli/doctor.go:32.26,34.17 2 1
ironclaw/internal/cli/doctor.go:34.17,37.4 2 1
ironclaw/internal/cli/doctor.go:38.3,38.55 1 1
ironclaw/internal/cli/doctor.go:41.2,47.59 4 1
ironclaw/internal/cli/doctor.go:47.59,54.15 2 1
ironclaw/internal/cli/doctor.go:54.15,56.60 2 1
ironclaw/internal/cli/doctor.go:56.60,58.5 1 1
ironclaw/internal/cli/doctor.go:58.10,65.5 2 1
ironclaw/internal/cli/doctor.go:67.8,74.3 2 1
ironclaw/internal/cli/doctor.go:77.2,78.21 2 1
ironclaw/internal/cli/doctor.go:78.21,79.56 1 1
ironclaw/internal/cli/doctor.go:79.56,86.16 2 1
ironclaw/internal/cli/doctor.go:86.16,88.57 2 1
ironclaw/internal/cli/doctor.go:88.57,90.6 1 1
ironclaw/internal/cli/doctor.go:90.11,96.6 1 1
ironclaw/internal/cli/doctor.go:98.9,101.18 2 1
ironclaw/internal/cli/doctor.go:101.18,107.5 1 1
ironclaw/internal/cli/doctor.go:107.10,115.36 2 1
ironclaw/internal/cli/doctor.go:115.36,117.59 2 1
ironclaw/internal/cli/doctor.go:117.59,124.19 2 1
ironclaw/internal/cli/doctor.go:124.19,126.58 2 1
ironclaw/internal/cli/doctor.go:126.58,128.9 1 1
ironclaw/internal/cli/doctor.go:128.14,134.9 1 1
ironclaw/internal/cli/doctor.go:136.12,142.7 1 1
ironclaw/internal/cli/doctor.go:146.5,146.38 1 1
ironclaw/internal/cli/doctor.go:146.38,148.59 2 1
ironclaw/internal/cli/doctor.go:148.59,155.19 2 1
ironclaw/internal/cli/doctor.go:155.19,157.58 2 1
ironclaw/internal/cli/doctor.go:157.58,159.9 1 1
ironclaw/internal/cli/doctor.go:159.14,165.9 1 1
ironclaw/internal/cli/doctor.go:167.12,173.7 1 1
ironclaw/internal/cli/doctor.go:180.2,180.15 1 1
ironclaw/internal/cli/doctor.go:180.15,188.3 2 1
ironclaw/internal/cli/doctor.go:191.2,193.28 3 1
ironclaw/internal/cli/doctor.go:193.28,195.25 2 1
ironclaw/internal/cli/doctor.go:195.25,198.4 2 1
ironclaw/internal/cli/doctor.go:198.9,198.32 1 1
ironclaw/internal/cli/doctor.go:198.32,201.4 2 1
ironclaw/internal/cli/doctor.go:201.9,203.4 1 1
ironclaw/internal/cli/doctor.go:204.3,204.64 1 1
ironclaw/internal/cli/doctor.go:207.2,209.19 2 1
ironclaw/internal/cli/doctor.go:209.19,212.3 2 1
ironclaw/internal/cli/doctor.go:214.2,215.10 2 1
ironclaw/internal/cli/onboard.go:26.68,28.26 1 1
ironclaw/internal/cli/onboard.go:28.26,30.17 2 1
ironclaw/internal/cli/onboard.go:30.17,33.4 2 1
ironclaw/internal/cli/onboard.go:34.3,34.55 1 1
ironclaw/internal/cli/onboard.go:38.2,38.58 1 1
ironclaw/internal/cli/onboard.go:38.58,41.3 2 1
ironclaw/internal/cli/onboard.go:44.2,44.26 1 1
ironclaw/internal/cli/onboard.go:44.26,46.54 2 1
ironclaw/internal/cli/onboard.go:46.54,49.4 2 1
ironclaw/internal/cli/onboard.go:50.3,50.67 1 1
ironclaw/internal/cli/onboard.go:53.2,57.47 3 1
ironclaw/internal/cli/onboard.go:57.47,60.17 2 1
ironclaw/internal/cli/onboard.go:60.17,63.4 2 1
ironclaw/internal/cli/onboard.go:64.3,65.74 2 1
ironclaw/internal/cli/onboard.go:66.8,68.56 1 1
ironclaw/internal/cli/onboard.go:68.56,71.4 2 1
ironclaw/internal/cli/onboard.go:72.3,73.17 2 1
ironclaw/internal/cli/onboard.go:73.17,76.4 2 1
ironclaw/internal/cli/onboard.go:77.3,78.71 2 1
ironclaw/internal/cli/onboard.go:82.2,82.26 1 1
ironclaw/internal/cli/onboard.go:82.26,85.3 2 1
ironclaw/internal/cli/onboard.go:86.2,86.28 1 1
ironclaw/internal/cli/onboard.go:86.28,89.3 2 1
ironclaw/internal/cli/onboard.go:90.2,90.26 1 1
ironclaw/internal/cli/onboard.go:90.26,92.3 1 1
ironclaw/internal/cli/onboard.go:95.2,95.25 1 1
ironclaw/internal/cli/onboard.go:95.25,98.3 2 1
ironclaw/internal/cli/onboard.go:99.2,99.29 1 1
ironclaw/internal/cli/onboard.go:99.29,102.3 2 1
ironclaw/internal/cli/onboard.go:105.2,105.52 1 1
ironclaw/internal/cli/onboard.go:105.52,108.3 2 1
ironclaw/internal/cli/onboard.go:110.2,114.10 4 1
ironclaw/internal/cli/setup.go:22.64,24.26 1 1
ironclaw/internal/cli/setup.go:24.26,26.17 2 1
ironclaw/internal/cli/setup.go:26.17,29.4 2 1
ironclaw/internal/cli/setup.go:30.3,30.55 1 1
ironclaw/internal/cli/setup.go:34.2,34.58 1 1
ironclaw/internal/cli/setup.go:34.58,37.3 2 1
ironclaw/internal/cli/setup.go:39.2,42.47 2 1
ironclaw/internal/cli/setup.go:42.47,46.3 3 1
ironclaw/internal/cli/setup.go:49.2,49.55 1 1
ironclaw/internal/cli/setup.go:49.55,52.3 2 1
ironclaw/internal/cli/setup.go:55.2,56.16 2 1
ironclaw/internal/cli/setup.go:56.16,59.3 2 1
ironclaw/internal/cli/setup.go:62.2,62.21 1 1
ironclaw/internal/cli/setup.go:62.21,65.3 2 1
ironclaw/internal/cli/setup.go:68.2,68.26 1 1
ironclaw/internal/cli/setup.go:68.26,71.3 2 1
ironclaw/internal/cli/setup.go:72.2,72.28 1 1
ironclaw/internal/cli/setup.go:72.28,74.3 1 1
ironclaw/internal/cli/setup.go:77.2,77.52 1 1
ironclaw/internal/cli/setup.go:77.52,80.3 2 1
ironclaw/internal/cli/setup.go:82.2,82.41 1 1
ironclaw/internal/cli/setup.go:82.41,85.3 1 1
ironclaw/internal/cli/setup.go:87.2,90.10 3 1
ironclaw/internal/injection/injection.go:26.35,28.16 2 1
ironclaw/internal/injection/injection.go:28.16,30.3 1 1
ironclaw/internal/injection/injection.go:31.2,33.36 3 1
ironclaw/internal/injection/injection.go:33.36,34.33 1 1
ironclaw/internal/injection/injection.go:34.33,36.4 1 1
ironclaw/internal/injection/injection.go:38.2,38.23 1 1
ironclaw/internal/injection/injection.go:38.23,40.3 1 1
ironclaw/internal/injection/injection.go:41.2,41.54 1 1
ironclaw/internal/injection/injection.go:45.50,46.16 1 1
ironclaw/internal/injection/injection.go:46.16,48.3 1 1
ironclaw/internal/injection/injection.go:49.2,50.38 2 1
ironclaw/internal/injection/injection.go:50.38,51.41 1 1
ironclaw/internal/injection/injection.go:51.41,54.4 2 1
ironclaw/internal/injection/injection.go:56.2,56.32 1 1
ironclaw/internal/injection/injection.go:60.57,62.17 2 1
ironclaw/internal/injection/injection.go:62.17,64.3 1 1
ironclaw/internal/injection/injection.go:65.2,65.14 1 1
ironclaw/internal/injection/injection.go:65.14,67.3 1 1
ironclaw/internal/injection/injection.go:68.2,69.10 2 1
ironclaw/internal/memory/store.go:27.54,29.2 1 1
ironclaw/internal/memory/store.go:32.69,34.33 2 1
ironclaw/internal/memory/store.go:34.33,36.3 1 1
ironclaw/internal/memory/store.go:37.2,38.38 2 1
ironclaw/internal/memory/store.go:43.58,44.19 1 1
ironclaw/internal/memory/store.go:44.19,46.3 1 1
ironclaw/internal/memory/store.go:47.2,48.48 2 1
ironclaw/internal/memory/store.go:53.56,56.16 3 1
ironclaw/internal/memory/store.go:56.16,57.37 1 1
ironclaw/internal/memory/store.go:57.37,59.4 1 1
ironclaw/internal/memory/store.go:60.3,60.17 1 1
ironclaw/internal/memory/store.go:62.2,62.23 1 1
ironclaw/internal/memory/store.go:66.75,68.16 2 1
ironclaw/internal/memory/store.go:68.16,70.3 1 1
ironclaw/internal/memory/store.go:71.2,72.23 2 1
ironclaw/internal/memory/store.go:72.23,74.3 1 1
ironclaw/internal/memory/store.go:74.8,76.3 1 1
ironclaw/internal/memory/store.go:77.2,78.21 2 1
ironclaw/internal/memory/store.go:78.21,80.3 1 1
ironclaw/internal/memory/store.go:81.2,81.17 1 1
ironclaw/internal/retry/retry.go:27.29,34.2 1 1
ironclaw/internal/retry/retry.go:37.34,38.22 1 1
ironclaw/internal/retry/retry.go:38.22,40.3 1 1
ironclaw/internal/retry/retry.go:41.2,41.27 1 1
ironclaw/internal/retry/retry.go:41.27,43.3 1 1
ironclaw/internal/retry/retry.go:44.2,44.23 1 1
ironclaw/internal/retry/retry.go:44.23,46.3 1 1
ironclaw/internal/retry/retry.go:47.2,47.24 1 1
ironclaw/internal/retry/retry.go:47.24,49.3 1 1
ironclaw/internal/retry/retry.go:50.2,50.12 1 1
ironclaw/internal/retry/retry.go:63.34,64.16 1 1
ironclaw/internal/retry/retry.go:64.16,66.3 1 1
ironclaw/internal/retry/retry.go:69.2,69.82 1 1
ironclaw/internal/retry/retry.go:69.82,71.3 1 1
ironclaw/internal/retry/retry.go:74.2,75.49 2 1
ironclaw/internal/retry/retry.go:75.49,77.3 1 1
ironclaw/internal/retry/retry.go:79.2,82.44 2 1
ironclaw/internal/retry/retry.go:82.44,83.34 1 1
ironclaw/internal/retry/retry.go:83.34,85.4 1 1
ironclaw/internal/retry/retry.go:89.2,89.49 1 1
ironclaw/internal/retry/retry.go:89.49,91.3 1 1
ironclaw/internal/retry/retry.go:92.2,92.34 1 1
ironclaw/internal/retry/retry.go:92.34,94.3 1 1
ironclaw/internal/retry/retry.go:96.2,96.14 1 1
ironclaw/internal/retry/retry.go:112.84,113.18 1 1
ironclaw/internal/retry/retry.go:113.18,114.49 1 1
ironclaw/internal/retry/retry.go:116.2,120.3 1 1
ironclaw/internal/retry/retry.go:125.90,129.62 3 1
ironclaw/internal/retry/retry.go:129.62,131.17 2 1
ironclaw/internal/retry/retry.go:131.17,133.4 1 1
ironclaw/internal/retry/retry.go:135.3,138.24 2 1
ironclaw/internal/retry/retry.go:138.24,140.4 1 1
ironclaw/internal/retry/retry.go:143.3,143.37 1 1
ironclaw/internal/retry/retry.go:143.37,144.9 1 1
ironclaw/internal/retry/retry.go:148.3,149.23 2 1
ironclaw/internal/retry/retry.go:149.23,151.4 1 1
ironclaw/internal/retry/retry.go:154.3,155.33 2 1
ironclaw/internal/retry/retry.go:155.33,157.4 1 1
ironclaw/internal/retry/retry.go:158.3,158.17 1 1
ironclaw/internal/retry/retry.go:161.2,161.98 1 1
ironclaw/internal/prefs/prefs.go:25.39,27.2 1 1
ironclaw/internal/prefs/prefs.go:31.32,33.16 2 1
ironclaw/internal/prefs/prefs.go:33.16,34.25 1 1
ironclaw/internal/prefs/prefs.go:34.25,37.4 2 1
ironclaw/internal/prefs/prefs.go:38.3,38.43 1 1
ironclaw/internal/prefs/prefs.go:40.2,41.49 2 1
ironclaw/internal/prefs/prefs.go:41.49,43.3 1 1
ironclaw/internal/prefs/prefs.go:44.2,45.12 2 1
ironclaw/internal/prefs/prefs.go:49.36,50.21 1 1
ironclaw/internal/prefs/prefs.go:50.21,52.3 1 1
ironclaw/internal/prefs/prefs.go:53.2,53.17 1 1
ironclaw/internal/prefs/prefs.go:58.58,60.30 2 1
ironclaw/internal/prefs/prefs.go:61.15,62.18 1 1
ironclaw/internal/prefs/prefs.go:63.22,64.25 1 1
ironclaw/internal/prefs/prefs.go:65.10,66.50 1 1
ironclaw/internal/prefs/prefs.go:68.2,68.17 1 1
ironclaw/internal/prefs/prefs.go:71.32,73.49 2 1
ironclaw/internal/prefs/prefs.go:73.49,75.3 1 1
ironclaw/internal/prefs/prefs.go:76.2,77.16 2 1
ironclaw/internal/prefs/prefs.go:77.16,79.3 1 1
ironclaw/internal/prefs/prefs.go:80.2,80.59 1 1
ironclaw/internal/prefs/prefs.go:80.59,82.3 1 1
ironclaw/internal/prefs/prefs.go:83.2,83.12 1 1
ironclaw/internal/prefs/prefs.go:88.35,90.16 2 1
ironclaw/internal/prefs/prefs.go:90.16,92.3 1 1
ironclaw/internal/prefs/prefs.go:93.2,94.49 2 1
ironclaw/internal/prefs/prefs.go:94.49,96.3 1 1
ironclaw/internal/prefs/prefs.go:97.2,97.47 1 1
ironclaw/internal/planner/planner.go:48.38,49.26 1 1
ironclaw/internal/planner/planner.go:49.26,50.12 1 1
ironclaw/internal/planner/planner.go:50.12,52.4 1 1
ironclaw/internal/planner/planner.go:57.40,58.26 1 1
ironclaw/internal/planner/planner.go:58.26,59.15 1 1
ironclaw/internal/planner/planner.go:59.15,61.4 1 1
ironclaw/internal/planner/planner.go:78.66,79.16 1 1
ironclaw/internal/planner/planner.go:79.16,80.49 1 1
ironclaw/internal/planner/planner.go:82.2,86.27 2 1
ironclaw/internal/planner/planner.go:86.27,88.3 1 1
ironclaw/internal/planner/planner.go:89.2,89.10 1 1
ironclaw/internal/planner/planner.go:93.38,94.21 1 1
ironclaw/internal/planner/planner.go:94.21,96.3 1 1
ironclaw/internal/planner/planner.go:97.2,97.23 1 1
ironclaw/internal/planner/planner.go:103.82,109.16 4 1
ironclaw/internal/planner/planner.go:109.16,111.3 1 1
ironclaw/internal/planner/planner.go:113.2,114.16 2 1
ironclaw/internal/planner/planner.go:114.16,116.3 1 1
ironclaw/internal/planner/planner.go:118.2,122.28 3 1
ironclaw/internal/planner/planner.go:122.28,124.23 1 1
ironclaw/internal/planner/planner.go:124.23,131.4 2 1
ironclaw/internal/planner/planner.go:134.3,134.39 1 1
ironclaw/internal/planner/planner.go:134.39,136.9 2 1
ironclaw/internal/planner/planner.go:139.3,147.21 6 1
ironclaw/internal/planner/planner.go:147.21,151.12 4 1
ironclaw/internal/planner/planner.go:154.3,156.46 3 1
ironclaw/internal/planner/planner.go:160.2,162.23 3 1
ironclaw/internal/planner/planner.go:162.23,166.3 2 1
ironclaw/internal/planner/planner.go:168.2,172.8 1 1
ironclaw/internal/planner/planner.go:177.56,179.15 2 1
ironclaw/internal/planner/planner.go:179.15,181.3 1 1
ironclaw/internal/planner/planner.go:183.2,184.19 2 1
ironclaw/internal/planner/planner.go:184.19,186.3 1 1
ironclaw/internal/planner/planner.go:188.2,194.65 2 1
ironclaw/internal/planner/planner.go:194.65,196.3 1 1
ironclaw/internal/planner/planner.go:198.2,198.28 1 1
ironclaw/internal/planner/planner.go:198.28,200.3 1 1
ironclaw/internal/planner/planner.go:202.2,203.33 2 1
ironclaw/internal/planner/planner.go:203.33,205.17 2 1
ironclaw/internal/planner/planner.go:205.17,207.4 1 1
ironclaw/internal/planner/planner.go:208.3,212.4 1 1
ironclaw/internal/planner/planner.go:215.2,215.45 1 1
ironclaw/internal/planner/planner.go:222.37,224.48 1 1
ironclaw/internal/planner/planner.go:224.48,226.16 2 1
ironclaw/internal/planner/planner.go:226.16,228.4 1 1
ironclaw/internal/planner/planner.go:229.3,231.14 3 1
ironclaw/internal/planner/planner.go:231.14,233.4 1 1
ironclaw/internal/planner/planner.go:234.3,234.51 1 1
ironclaw/internal/planner/planner.go:238.2,240.46 3 1
ironclaw/internal/planner/planner.go:240.46,242.3 1 1
ironclaw/internal/planner/planner.go:244.2,244.11 1 1
ironclaw/internal/planner/planner.go:248.42,261.2 1 1
ironclaw/internal/planner/planner.go:264.56,276.2 8 1
ironclaw/internal/planner/planner.go:279.44,288.2 6 1
ironclaw/internal/planner/planner.go:291.59,292.29 1 1
ironclaw/internal/planner/planner.go:292.29,294.24 2 1
ironclaw/internal/planner/planner.go:294.24,296.4 1 1
ironclaw/internal/planner/planner.go:297.3,297.23 1 1
ironclaw/internal/secrets/file.go:34.58,36.16 2 1
ironclaw/internal/secrets/file.go:36.16,38.3 1 1
ironclaw/internal/secrets/file.go:39.2,39.41 1 1
ironclaw/internal/secrets/file.go:43.77,44.20 1 1
ironclaw/internal/secrets/file.go:44.20,46.3 1 1
ironclaw/internal/secrets/file.go:47.2,47.48 1 1
ironclaw/internal/secrets/file.go:55.55,57.16 2 1
ironclaw/internal/secrets/file.go:57.16,58.25 1 1
ironclaw/internal/secrets/file.go:58.25,60.4 1 1
ironclaw/internal/secrets/file.go:61.3,61.49 1 1
ironclaw/internal/secrets/file.go:63.2,63.30 1 1
ironclaw/internal/secrets/file.go:63.30,65.3 1 1
ironclaw/internal/secrets/file.go:66.2,67.16 2 1
ironclaw/internal/secrets/file.go:67.16,69.3 1 1
ironclaw/internal/secrets/file.go:70.2,71.16 2 1
ironclaw/internal/secrets/file.go:71.16,73.3 1 1
ironclaw/internal/secrets/file.go:74.2,76.16 3 1
ironclaw/internal/secrets/file.go:76.16,78.3 1 1
ironclaw/internal/secrets/file.go:79.2,80.50 2 1
ironclaw/internal/secrets/file.go:80.50,82.3 1 1
ironclaw/internal/secrets/file.go:83.2,84.20 2 1
ironclaw/internal/secrets/file.go:84.20,86.3 1 1
ironclaw/internal/secrets/file.go:87.2,87.15 1 1
ironclaw/internal/secrets/file.go:90.52,93.16 3 1
ironclaw/internal/secrets/file.go:93.16,94.32 1 1
ironclaw/internal/secrets/file.go:94.32,99.18 5 1
ironclaw/internal/secrets/file.go:99.18,101.5 1 1
ironclaw/internal/secrets/file.go:104.2,105.22 2 1
ironclaw/internal/secrets/file.go:108.48,111.16 3 1
ironclaw/internal/secrets/file.go:111.16,112.25 1 1
ironclaw/internal/secrets/file.go:112.25,114.4 1 1
ironclaw/internal/secrets/file.go:115.3,115.45 1 1
ironclaw/internal/secrets/file.go:117.2,117.30 1 1
ironclaw/internal/secrets/file.go:117.30,119.3 1 1
ironclaw/internal/secrets/file.go:120.2,121.16 2 1
ironclaw/internal/secrets/file.go:121.16,123.3 1 1
ironclaw/internal/secrets/file.go:124.2,125.16 2 1
ironclaw/internal/secrets/file.go:125.16,127.3 1 1
ironclaw/internal/secrets/file.go:128.2,130.16 3 1
ironclaw/internal/secrets/file.go:130.16,133.3 2 1
ironclaw/internal/secrets/file.go:134.2,136.22 3 1
ironclaw/internal/secrets/file.go:139.45,141.2 1 1
ironclaw/internal/secrets/file.go:143.49,145.2 1 1
ironclaw/internal/secrets/file.go:147.59,149.47 2 1
ironclaw/internal/secrets/file.go:149.47,151.3 1 1
ironclaw/internal/secrets/file.go:152.2,153.16 2 1
ironclaw/internal/secrets/file.go:153.16,155.3 1 1
ironclaw/internal/secrets/file.go:156.2,157.16 2 1
ironclaw/internal/secrets/file.go:157.16,159.3 1 1
ironclaw/internal/secrets/file.go:160.2,161.16 2 1
ironclaw/internal/secrets/file.go:161.16,163.3 1 1
ironclaw/internal/secrets/file.go:164.2,165.62 2 1
ironclaw/internal/secrets/file.go:165.62,167.3 1 1
ironclaw/internal/secrets/file.go:168.2,169.48 2 1
ironclaw/internal/secrets/keysource.go:20.41,21.60 1 1
ironclaw/internal/secrets/keysource.go:21.60,23.3 1 1
ironclaw/internal/secrets/keysource.go:24.2,26.16 3 1
ironclaw/internal/secrets/keysource.go:26.16,28.3 1 1
ironclaw/internal/secrets/keysource.go:30.2,30.22 1 1
ironclaw/internal/secrets/keysource.go:30.22,31.29 1 1
ironclaw/internal/secrets/keysource.go:31.29,33.9 2 1
ironclaw/internal/secrets/keysource.go:36.2,36.17 1 1
ironclaw/internal/secrets/keysource.go:36.17,38.3 1 1
ironclaw/internal/secrets/keysource.go:39.2,39.34 1 1
ironclaw/internal/secrets/keysource.go:44.56,46.2 1 1
ironclaw/internal/secrets/keysource.go:48.37,52.2 3 1
ironclaw/internal/secrets/keysource.go:55.35,57.16 2 1
ironclaw/internal/secrets/keysource.go:57.16,59.3 1 1
ironclaw/internal/secrets/keysource.go:60.2,61.53 2 1
ironclaw/internal/secrets/keysource.go:61.53,63.3 1 1
ironclaw/internal/secrets/keysource.go:64.2,64.17 1 1
ironclaw/internal/secrets/keysource.go:68.43,70.16 2 1
ironclaw/internal/secrets/keysource.go:70.16,72.3 1 1
ironclaw/internal/secrets/keysource.go:73.2,73.44 1 1
ironclaw/internal/secrets/manager.go:5.47,7.16 2 1
ironclaw/internal/secrets/manager.go:7.16,9.3 1 1
ironclaw/internal/secrets/manager.go:10.2,10.29 1 1
ironclaw/internal/router/router.go:51.65,52.18 1 1
ironclaw/internal/router/router.go:52.18,53.41 1 1
ironclaw/internal/router/router.go:55.2,60.3 1 1
ironclaw/internal/router/router.go:67.87,68.21 1 1
ironclaw/internal/router/router.go:68.21,70.3 1 1
ironclaw/internal/router/router.go:72.2,73.53 2 1
ironclaw/internal/router/router.go:73.53,77.24 2 1
ironclaw/internal/router/router.go:77.24,80.4 2 1
ironclaw/internal/router/router.go:83.3,84.20 2 1
ironclaw/internal/router/router.go:84.20,86.4 1 1
ironclaw/internal/router/router.go:89.3,89.24 1 1
ironclaw/internal/router/router.go:89.24,92.4 2 1
ironclaw/internal/router/router.go:94.3,95.13 2 1
ironclaw/internal/router/router.go:98.2,98.22 1 1
ironclaw/internal/router/router.go:102.44,106.29 4 1
ironclaw/internal/router/router.go:106.29,108.3 1 1
ironclaw/internal/router/router.go:109.2,110.12 2 1
ironclaw/internal/router/router.go:114.63,118.9 4 1
ironclaw/internal/router/router.go:118.9,120.3 1 1
ironclaw/internal/router/router.go:121.2,121.18 1 1
ironclaw/internal/router/router.go:125.37,129.2 3 1
ironclaw/internal/router/router.go:132.64,137.8 4 1
ironclaw/internal/router/router.go:137.8,139.3 1 1
ironclaw/internal/router/router.go:141.2,141.28 1 1
ironclaw/internal/router/router.go:141.28,143.3 1 1
ironclaw/internal/router/router.go:146.2,149.8 4 1
ironclaw/internal/router/router.go:149.8,151.3 1 1
ironclaw/internal/router/router.go:153.2,154.29 2 1
ironclaw/internal/router/router.go:154.29,156.3 1 1
ironclaw/internal/router/router.go:158.2,171.11 4 1
ironclaw/internal/router/router.go:175.74,185.2 2 1
ironclaw/internal/security/root.go:12.24,12.37 1 1
ironclaw/internal/security/root.go:15.38,17.2 1 1
ironclaw/internal/security/root.go:21.50,22.23 1 1
ironclaw/internal/security/root.go:22.23,24.3 1 1
ironclaw/internal/security/root.go:25.2,25.23 1 1
ironclaw/internal/security/root.go:25.23,27.3 1 1
ironclaw/internal/security/root.go:28.2,28.12 1 1
ironclaw/internal/security/root_unix.go:7.13,9.2 1 1
ironclaw/internal/queue/lane.go:27.22,28.27 1 1
ironclaw/internal/queue/lane.go:28.27,29.28 1 1
ironclaw/internal/queue/lane.go:29.28,31.12 2 1
ironclaw/internal/queue/lane.go:33.3,33.35 1 1
ironclaw/internal/queue/lane.go:38.54,39.15 1 1
ironclaw/internal/queue/lane.go:39.15,40.31 1 1
ironclaw/internal/queue/lane.go:40.31,42.4 1 1
ironclaw/internal/queue/lane.go:44.2,44.13 1 1
ironclaw/internal/queue/lane.go:60.32,64.2 1 1
ironclaw/internal/queue/lane.go:69.83,70.18 1 1
ironclaw/internal/queue/lane.go:70.18,72.3 1 1
ironclaw/internal/queue/lane.go:74.2,82.9 3 1
ironclaw/internal/queue/lane.go:83.22,83.22 0 1
ironclaw/internal/queue/lane.go:84.20,85.19 1 1
ironclaw/internal/queue/lane.go:89.2,89.9 1 1
ironclaw/internal/queue/lane.go:90.26,91.13 1 1
ironclaw/internal/queue/lane.go:92.20,93.19 1 1
ironclaw/internal/queue/lane.go:99.58,102.34 3 1
ironclaw/internal/queue/lane.go:102.34,104.3 1 1
ironclaw/internal/queue/lane.go:105.2,110.10 4 1
ironclaw/internal/queue/lane.go:114.37,118.2 3 1
ironclaw/internal/signals/signals_unix.go:12.36,14.2 1 1
