mode: set
ironclaw/internal/planner/planner.go:48.38,49.26 1 1
ironclaw/internal/planner/planner.go:49.26,50.12 1 1
ironclaw/internal/planner/planner.go:50.12,52.4 1 1
ironclaw/internal/planner/planner.go:57.40,58.26 1 1
ironclaw/internal/planner/planner.go:58.26,59.15 1 1
ironclaw/internal/planner/planner.go:59.15,61.4 1 1
ironclaw/internal/planner/planner.go:78.66,79.16 1 1
ironclaw/internal/planner/planner.go:79.16,80.49 1 1
ironclaw/internal/planner/planner.go:82.2,86.27 2 1
ironclaw/internal/planner/planner.go:86.27,88.3 1 1
ironclaw/internal/planner/planner.go:89.2,89.10 1 1
ironclaw/internal/planner/planner.go:93.38,94.21 1 1
ironclaw/internal/planner/planner.go:94.21,96.3 1 1
ironclaw/internal/planner/planner.go:97.2,97.23 1 1
ironclaw/internal/planner/planner.go:103.82,109.16 4 1
ironclaw/internal/planner/planner.go:109.16,111.3 1 1
ironclaw/internal/planner/planner.go:113.2,114.16 2 1
ironclaw/internal/planner/planner.go:114.16,116.3 1 1
ironclaw/internal/planner/planner.go:118.2,122.28 3 1
ironclaw/internal/planner/planner.go:122.28,124.23 1 1
ironclaw/internal/planner/planner.go:124.23,131.4 2 1
ironclaw/internal/planner/planner.go:134.3,134.39 1 1
ironclaw/internal/planner/planner.go:134.39,136.9 2 1
ironclaw/internal/planner/planner.go:139.3,147.21 6 1
ironclaw/internal/planner/planner.go:147.21,151.12 4 1
ironclaw/internal/planner/planner.go:154.3,156.46 3 1
ironclaw/internal/planner/planner.go:160.2,162.23 3 1
ironclaw/internal/planner/planner.go:162.23,166.3 2 1
ironclaw/internal/planner/planner.go:168.2,172.8 1 1
ironclaw/internal/planner/planner.go:177.56,179.15 2 1
ironclaw/internal/planner/planner.go:179.15,181.3 1 1
ironclaw/internal/planner/planner.go:183.2,184.19 2 1
ironclaw/internal/planner/planner.go:184.19,186.3 1 1
ironclaw/internal/planner/planner.go:188.2,194.65 2 1
ironclaw/internal/planner/planner.go:194.65,196.3 1 1
ironclaw/internal/planner/planner.go:198.2,198.28 1 1
ironclaw/internal/planner/planner.go:198.28,200.3 1 1
ironclaw/internal/planner/planner.go:202.2,203.33 2 1
ironclaw/internal/planner/planner.go:203.33,205.17 2 1
ironclaw/internal/planner/planner.go:205.17,207.4 1 1
ironclaw/internal/planner/planner.go:208.3,212.4 1 1
ironclaw/internal/planner/planner.go:215.2,215.45 1 1
ironclaw/internal/planner/planner.go:222.37,224.48 1 1
ironclaw/internal/planner/planner.go:224.48,226.16 2 1
ironclaw/internal/planner/planner.go:226.16,228.4 1 1
ironclaw/internal/planner/planner.go:229.3,231.14 3 1
ironclaw/internal/planner/planner.go:231.14,233.4 1 1
ironclaw/internal/planner/planner.go:234.3,234.51 1 1
ironclaw/internal/planner/planner.go:238.2,240.46 3 1
ironclaw/internal/planner/planner.go:240.46,242.3 1 1
ironclaw/internal/planner/planner.go:244.2,244.11 1 1
ironclaw/internal/planner/planner.go:248.42,261.2 1 1
ironclaw/internal/planner/planner.go:264.56,270.34 4 1
ironclaw/internal/planner/planner.go:270.34,272.24 2 1
ironclaw/internal/planner/planner.go:272.24,274.4 1 1
ironclaw/internal/planner/planner.go:275.3,275.23 1 1
ironclaw/internal/planner/planner.go:278.2,282.20 4 1
ironclaw/internal/planner/planner.go:286.44,292.34 4 1
ironclaw/internal/planner/planner.go:292.34,294.24 2 1
ironclaw/internal/planner/planner.go:294.24,296.4 1 1
ironclaw/internal/planner/planner.go:299.2,301.20 2 1
